[debug] [2022-10-25T13:27:18.674Z] ----------------------------------------------------------------------
[debug] [2022-10-25T13:27:18.676Z] Command:       /home/k1llerfr0g/.nvm/versions/node/v16.15.0/bin/node /home/k1llerfr0g/.nvm/versions/node/v16.15.0/bin/firebase init
[debug] [2022-10-25T13:27:18.677Z] CLI Version:   11.15.0
[debug] [2022-10-25T13:27:18.677Z] Platform:      linux
[debug] [2022-10-25T13:27:18.677Z] Node Version:  v16.15.0
[debug] [2022-10-25T13:27:18.678Z] Time:          Tue Oct 25 2022 15:27:18 GMT+0200 (Central European Summer Time)
[debug] [2022-10-25T13:27:18.678Z] ----------------------------------------------------------------------
[debug] 
[debug] [2022-10-25T13:27:18.685Z] > command requires scopes: ["email","openid","https://www.googleapis.com/auth/cloudplatformprojects.readonly","https://www.googleapis.com/auth/firebase","https://www.googleapis.com/auth/cloud-platform"]
[debug] [2022-10-25T13:27:18.686Z] > authorizing via signed-in user (hackerfrox@gmail.com)
[info] 
     ######## #### ########  ######## ########     ###     ######  ########
     ##        ##  ##     ## ##       ##     ##  ##   ##  ##       ##
     ######    ##  ########  ######   ########  #########  ######  ######
     ##        ##  ##    ##  ##       ##     ## ##     ##       ## ##
     ##       #### ##     ## ######## ########  ##     ##  ######  ########

You're about to initialize a Firebase project in this directory:

  /home/k1llerfr0g/local_code/projects/react/portfolio

[info] 
=== Project Setup
[info] 
[info] First, let's associate this project directory with a Firebase project.
[info] You can create multiple project aliases by running firebase use --add, 
[info] but for now we'll just set up a default project.
[info] 
[debug] [2022-10-25T13:27:24.934Z] >>> [apiv2][query] GET https://firebase.googleapis.com/v1beta1/projects pageSize=100
[debug] [2022-10-25T13:27:25.494Z] <<< [apiv2][status] GET https://firebase.googleapis.com/v1beta1/projects 200
[debug] [2022-10-25T13:27:25.495Z] <<< [apiv2][body] GET https://firebase.googleapis.com/v1beta1/projects [omitted]
[info] i  Using project portfolio-d4a89 (portfolio) 
[info] 
=== Hosting Setup
[info] 
[info] Your public directory is the folder (relative to your project directory) that
[info] will contain Hosting assets to be uploaded with firebase deploy. If you
[info] have a build process for your assets, use your build's output directory.
[info] 
[info] ✔  Wrote public/404.html 
[debug] [2022-10-25T13:27:47.477Z] >>> [apiv2][query] GET https://www.gstatic.com/firebasejs/releases.json [none]
[debug] [2022-10-25T13:27:47.904Z] <<< [apiv2][status] GET https://www.gstatic.com/firebasejs/releases.json 200
[debug] [2022-10-25T13:27:47.905Z] <<< [apiv2][body] GET https://www.gstatic.com/firebasejs/releases.json {"current":{"version":"9.12.1","browserURL":"https://www.gstatic.com/firebasejs/9.12.1/firebase.js","packageURL":"https://www.gstatic.com/firebasejs/9.12.1/firebase.tgz"},"live":{"version":"9.12","browserURL":"https://www.gstatic.com/firebasejs/live/9.12/firebase.js","packageURL":"https://www.gstatic.com/firebasejs/live/9.12/firebase.tgz"},"components":{"analytics":"https://www.gstatic.com/firebasejs/9.12.1/firebase-analytics.js","app":"https://www.gstatic.com/firebasejs/9.12.1/firebase-app.js","app-check":"https://www.gstatic.com/firebasejs/9.12.1/firebase-app-check.js","auth":"https://www.gstatic.com/firebasejs/9.12.1/firebase-auth.js","auth/cordova":"https://www.gstatic.com/firebasejs/9.12.1/firebase-auth/cordova.js","auth/react-native":"https://www.gstatic.com/firebasejs/9.12.1/firebase-auth/react-native.js","functions":"https://www.gstatic.com/firebasejs/9.12.1/firebase-functions.js","firestore":"https://www.gstatic.com/firebasejs/9.12.1/firebase-firestore.js","firestore/lite":"https://www.gstatic.com/firebasejs/9.12.1/firebase-firestore/lite.js","installations":"https://www.gstatic.com/firebasejs/9.12.1/firebase-installations.js","storage":"https://www.gstatic.com/firebasejs/9.12.1/firebase-storage.js","performance":"https://www.gstatic.com/firebasejs/9.12.1/firebase-performance.js","remote-config":"https://www.gstatic.com/firebasejs/9.12.1/firebase-remote-config.js","messaging":"https://www.gstatic.com/firebasejs/9.12.1/firebase-messaging.js","messaging/sw":"https://www.gstatic.com/firebasejs/9.12.1/firebase-messaging/sw.js","database":"https://www.gstatic.com/firebasejs/9.12.1/firebase-database.js","firestore.memory":"https://www.gstatic.com/firebasejs/9.12.1/firebase-firestore.memory.js"}}
[info] ✔  Wrote public/index.html 
[info] 
[info] i  Detected a .git folder at /home/k1llerfr0g/local_code/projects/react/portfolio 
[info] i  Authorizing with GitHub to upload your service account to a GitHub repository's secrets store. 
[info] 
[info] Visit this URL on this device to log in:
[info] https://github.com/login/oauth/authorize?client_id=89cf50f02ac6aaed3484&state=366670904&redirect_uri=http%3A%2F%2Flocalhost%3A9005&scope=read%3Auser%20repo%20public_repo
[info] 
[info] Waiting for authentication...
[debug] [2022-10-25T13:28:04.573Z] >>> [apiv2][query] POST https://github.com/login/oauth/access_token [none]
[debug] [2022-10-25T13:28:04.573Z] >>> [apiv2][body] POST https://github.com/login/oauth/access_token [stream]
[debug] [2022-10-25T13:28:05.018Z] <<< [apiv2][status] POST https://github.com/login/oauth/access_token 200
[debug] [2022-10-25T13:28:05.019Z] <<< [apiv2][body] POST https://github.com/login/oauth/access_token {"access_token":"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","token_type":"bearer","scope":"read:user,repo"}
[debug] [2022-10-25T13:28:05.035Z] >>> [apiv2][query] GET https://api.github.com/user [none]
[debug] [2022-10-25T13:28:07.654Z] <<< [apiv2][status] GET https://api.github.com/user 200
[debug] [2022-10-25T13:28:07.654Z] <<< [apiv2][body] GET https://api.github.com/user {"login":"k1llerfr0g22","id":56881372,"node_id":"MDQ6VXNlcjU2ODgxMzcy","avatar_url":"https://avatars.githubusercontent.com/u/56881372?v=4","gravatar_id":"","url":"https://api.github.com/users/k1llerfr0g22","html_url":"https://github.com/k1llerfr0g22","followers_url":"https://api.github.com/users/k1llerfr0g22/followers","following_url":"https://api.github.com/users/k1llerfr0g22/following{/other_user}","gists_url":"https://api.github.com/users/k1llerfr0g22/gists{/gist_id}","starred_url":"https://api.github.com/users/k1llerfr0g22/starred{/owner}{/repo}","subscriptions_url":"https://api.github.com/users/k1llerfr0g22/subscriptions","organizations_url":"https://api.github.com/users/k1llerfr0g22/orgs","repos_url":"https://api.github.com/users/k1llerfr0g22/repos","events_url":"https://api.github.com/users/k1llerfr0g22/events{/privacy}","received_events_url":"https://api.github.com/users/k1llerfr0g22/received_events","type":"User","site_admin":false,"name":"k1llerfr0g22","company":null,"blog":"","location":null,"email":null,"hireable":null,"bio":null,"twitter_username":null,"public_repos":11,"public_gists":0,"followers":0,"following":0,"created_at":"2019-10-22T14:13:35Z","updated_at":"2022-10-25T13:21:24Z","private_gists":0,"total_private_repos":0,"owned_private_repos":0,"disk_usage":69047,"collaborators":0,"two_factor_authentication":false,"plan":{"name":"free","space":976562499,"collaborators":0,"private_repos":10000}}
[info] 
[info] ✔  Success! Logged into GitHub as k1llerfr0g22 
[info] 
